<?xml version="1.0" encoding="UTF-8"?>
<!-- Generated by org.testng.reporters.JUnitXMLReporter -->
<testsuite hostname="hp-PC" ignored="0" name="Parameterizetest" tests="1" failures="1" timestamp="10 May 2019 02:24:07 GMT" time="11.629" errors="0">
  <testcase name="parameetertest" time="11.588" classname="selenium.Parameterizetest">
    <failure type="org.openqa.selenium.SessionNotCreatedException" message="session not created: This version of ChromeDriver only supports Chrome version 75
Build info: version: &amp;apos;3.141.59&amp;apos;, revision: &amp;apos;e82be7d358&amp;apos;, time: &amp;apos;2018-11-14T08:25:48&amp;apos;
System info: host: &amp;apos;HP-PC&amp;apos;, ip: &amp;apos;192.168.44.1&amp;apos;, os.name: &amp;apos;Windows 7&amp;apos;, os.arch: &amp;apos;amd64&amp;apos;, os.version: &amp;apos;6.1&amp;apos;, java.version: &amp;apos;1.8.0_161&amp;apos;
Driver info: driver.version: ChromeDriver
remote stacktrace: Backtrace:
	Ordinal0 [0x012F7DF3+1474035]
	Ordinal0 [0x012707D1+919505]
	Ordinal0 [0x0120CB43+510787]
	Ordinal0 [0x011A1B0F+72463]
	Ordinal0 [0x0119E3F3+58355]
	Ordinal0 [0x011C0CE4+199908]
	Ordinal0 [0x011C069D+198301]
	Ordinal0 [0x011BEECB+192203]
	Ordinal0 [0x011A5FF6+90102]
	Ordinal0 [0x011A765A+95834]
	Ordinal0 [0x011A7554+95572]
	GetHandleVerifier [0x0145231C+1249612]
	GetHandleVerifier [0x013A1575+525221]
	GetHandleVerifier [0x013A1310+524608]
	Ordinal0 [0x01305D28+1531176]
	GetHandleVerifier [0x013A1D4A+527226]
	Ordinal0 [0x012875F6+1013238]
	Ordinal0 [0x0128746F+1012847]
	Ordinal0 [0x0129365B+1062491]
	Ordinal0 [0x0129379F+1062815]
	Ordinal0 [0x01292745+1058629]
	BaseThreadInitThunk [0x769A343D+18]
	RtlInitializeExceptionChain [0x77829802+99]
	RtlInitializeExceptionChain [0x778297D5+54]
">
      <![CDATA[org.openqa.selenium.SessionNotCreatedException: session not created: This version of ChromeDriver only supports Chrome version 75
Build info: version: '3.141.59', revision: 'e82be7d358', time: '2018-11-14T08:25:48'
System info: host: 'HP-PC', ip: '192.168.44.1', os.name: 'Windows 7', os.arch: 'amd64', os.version: '6.1', java.version: '1.8.0_161'
Driver info: driver.version: ChromeDriver
remote stacktrace: Backtrace:
Ordinal0 [0x012F7DF3+1474035]
Ordinal0 [0x012707D1+919505]
Ordinal0 [0x0120CB43+510787]
Ordinal0 [0x011A1B0F+72463]
Ordinal0 [0x0119E3F3+58355]
Ordinal0 [0x011C0CE4+199908]
Ordinal0 [0x011C069D+198301]
Ordinal0 [0x011BEECB+192203]
Ordinal0 [0x011A5FF6+90102]
Ordinal0 [0x011A765A+95834]
Ordinal0 [0x011A7554+95572]
GetHandleVerifier [0x0145231C+1249612]
GetHandleVerifier [0x013A1575+525221]
GetHandleVerifier [0x013A1310+524608]
Ordinal0 [0x01305D28+1531176]
GetHandleVerifier [0x013A1D4A+527226]
Ordinal0 [0x012875F6+1013238]
Ordinal0 [0x0128746F+1012847]
Ordinal0 [0x0129365B+1062491]
Ordinal0 [0x0129379F+1062815]
Ordinal0 [0x01292745+1058629]
BaseThreadInitThunk [0x769A343D+18]
RtlInitializeExceptionChain [0x77829802+99]
RtlInitializeExceptionChain [0x778297D5+54]

at org.openqa.selenium.remote.W3CHandshakeResponse.lambda$errorHandler$0(W3CHandshakeResponse.java:62)
at org.openqa.selenium.remote.HandshakeResponse.lambda$getResponseFunction$0(HandshakeResponse.java:30)
at org.openqa.selenium.remote.ProtocolHandshake.lambda$createSession$0(ProtocolHandshake.java:126)
at java.util.stream.ReferencePipeline$3$1.accept(Unknown Source)
at java.util.Spliterators$ArraySpliterator.tryAdvance(Unknown Source)
at java.util.stream.ReferencePipeline.forEachWithCancel(Unknown Source)
at java.util.stream.AbstractPipeline.copyIntoWithCancel(Unknown Source)
at java.util.stream.AbstractPipeline.copyInto(Unknown Source)
at java.util.stream.AbstractPipeline.wrapAndCopyInto(Unknown Source)
at java.util.stream.FindOps$FindOp.evaluateSequential(Unknown Source)
at java.util.stream.AbstractPipeline.evaluate(Unknown Source)
at java.util.stream.ReferencePipeline.findFirst(Unknown Source)
at org.openqa.selenium.remote.ProtocolHandshake.createSession(ProtocolHandshake.java:128)
at org.openqa.selenium.remote.ProtocolHandshake.createSession(ProtocolHandshake.java:74)
at org.openqa.selenium.remote.HttpCommandExecutor.execute(HttpCommandExecutor.java:136)
at org.openqa.selenium.remote.service.DriverCommandExecutor.execute(DriverCommandExecutor.java:83)
at org.openqa.selenium.remote.RemoteWebDriver.execute(RemoteWebDriver.java:552)
at org.openqa.selenium.remote.RemoteWebDriver.startSession(RemoteWebDriver.java:213)
at org.openqa.selenium.remote.RemoteWebDriver.<init>(RemoteWebDriver.java:131)
at org.openqa.selenium.chrome.ChromeDriver.<init>(ChromeDriver.java:181)
at org.openqa.selenium.chrome.ChromeDriver.<init>(ChromeDriver.java:168)
at org.openqa.selenium.chrome.ChromeDriver.<init>(ChromeDriver.java:123)
at selenium.Parameterizetest.parameetertest(Parameterizetest.java:23)
... Removed 29 stack frames]]>
    </failure>
  </testcase> <!-- parameetertest -->
</testsuite> <!-- Parameterizetest -->
